<?xml version="1.0" encoding="UTF-8" ?>
<testsuite tests="1" failures="0" name="fr.test.netbeans.test.netbeans.ApplicationTest" time="0.002" errors="0" skipped="0">
  <properties>
    <property name="java.runtime.name" value="Java(TM) SE Runtime Environment"/>
    <property name="sun.boot.library.path" value="D:\CYDEV\Applications\NetBeans-8.0.2\Projets\PortableApps\NetBeansPortable\App\jdk\jre\bin"/>
    <property name="java.vm.version" value="25.25-b02"/>
    <property name="java.vm.vendor" value="Oracle Corporation"/>
    <property name="java.vendor.url" value="http://java.oracle.com/"/>
    <property name="path.separator" value=";"/>
    <property name="guice.disable.misplaced.annotation.check" value="true"/>
    <property name="java.vm.name" value="Java HotSpot(TM) 64-Bit Server VM"/>
    <property name="file.encoding.pkg" value="sun.io"/>
    <property name="user.script" value=""/>
    <property name="user.country" value="FR"/>
    <property name="sun.java.launcher" value="SUN_STANDARD"/>
    <property name="sun.os.patch.level" value="Service Pack 1"/>
    <property name="java.vm.specification.name" value="Java Virtual Machine Specification"/>
    <property name="user.dir" value="D:\CYDEV\Workspaces\Workspace_test_netbeans\test-netbeans\application"/>
    <property name="java.runtime.version" value="1.8.0_25-b18"/>
    <property name="java.awt.graphicsenv" value="sun.awt.Win32GraphicsEnvironment"/>
    <property name="java.endorsed.dirs" value="D:\CYDEV\Applications\NetBeans-8.0.2\Projets\PortableApps\NetBeansPortable\App\jdk\jre\lib\endorsed"/>
    <property name="os.arch" value="amd64"/>
    <property name="java.io.tmpdir" value="D:\UTILIS~1\BGRY\AppData\Local\Temp\NetBeans_JavaSE_8.0_PortableTemp\"/>
    <property name="line.separator" value="
"/>
    <property name="java.vm.specification.vendor" value="Oracle Corporation"/>
    <property name="user.variant" value=""/>
    <property name="os.name" value="Windows 7"/>
    <property name="maven.ext.class.path" value="D:\CYDEV\Applications\NetBeans-8.0.2\Projets\PortableApps\NetBeansPortable\App\netbeans\java\maven-nblib\netbeans-eventspy.jar"/>
    <property name="classworlds.conf" value="D:\CYDEV\Applications\NetBeans-8.0.2\Projets\PortableApps\NetBeansPortable\App\netbeans\java\maven\bin\m2.conf"/>
    <property name="sun.jnu.encoding" value="Cp1252"/>
    <property name="java.library.path" value="D:\CYDEV\Applications\NetBeans-8.0.2\Projets\PortableApps\NetBeansPortable\App\jdk\bin;C:\Windows\Sun\Java\bin;C:\Windows\system32;C:\Windows;C:\Perl\site\bin;C:\Perl\bin;C:\ProgramData\Oracle\Java\javapath;C:\Program Files (x86)\Internet Explorer;C:\Windows\system32;C:\Windows;C:\Windows\System32\Wbem;C:\Windows\System32\WindowsPowerShell\v1.0\;C:\Program Files (x86)\IBM\Client Access\Emulator;C:\Program Files (x86)\IBM\Client Access\Shared;C:\Program Files (x86)\IBM\Client Access\;D:\CYDEV\Applications\Eclipse - Neon 4.6.2 - v1\Eclipse\jdk\jdk8\jre\bin\java.exe;C:\Program Files\PuTTY\;C:\Program Files\TortoiseSVN\bin;C:\Program Files\Smartek\GigEVisionSDK\bin;C:\Program Files\Smartek\GigEVisionSDK\GenICam_v2_4\bin\Windows;C:\Program Files\Smartek\GigEVisionSDK\GenICam_v2_4\bin\Windows\GenApi\Generic;C:\Program Files (x86)\Microsoft SQL Server\110\Tools\Binn\;C:\Program Files\Microsoft SQL Server\110\Tools\Binn\;C:\Program Files\Microsoft SQL Server\110\DTS\Binn\;C:\Program Files (x86)\EMC\Navisphere CLI;C:\Windows\System32\inetsrv;C:\Program Files (x86)\Microsoft Visual Studio\Shared\14.0\VC\lib;C:\Program Files (x86)\Microsoft SQL Server\100\Tools\Binn\;C:\Program Files\Microsoft SQL Server\100\Tools\Binn\;C:\Program Files\Microsoft SQL Server\100\DTS\Binn\;C:\Program Files\Microsoft SQL Server\Client SDK\ODBC\110\Tools\Binn\;C:\Program Files (x86)\Microsoft SQL Server\120\Tools\Binn\;C:\Program Files\Microsoft SQL Server\120\Tools\Binn\;C:\Program Files\Microsoft SQL Server\120\DTS\Binn\;C:\Program Files (x86)\Microsoft SQL Server\Client SDK\ODBC\130\Tools\Binn\;C:\Program Files (x86)\Microsoft SQL Server\140\Tools\Binn\;C:\Program Files (x86)\Microsoft SQL Server\140\DTS\Binn\;C:\Program Files (x86)\Microsoft SQL Server\140\Tools\Binn\ManagementStudio\;."/>
    <property name="java.specification.name" value="Java Platform API Specification"/>
    <property name="java.class.version" value="52.0"/>
    <property name="sun.management.compiler" value="HotSpot 64-Bit Tiered Compilers"/>
    <property name="os.version" value="6.1"/>
    <property name="user.home" value="D:\Utilisateurs\BGRY"/>
    <property name="user.timezone" value="Europe/Paris"/>
    <property name="java.awt.printerjob" value="sun.awt.windows.WPrinterJob"/>
    <property name="java.specification.version" value="1.8"/>
    <property name="file.encoding" value="UTF-8"/>
    <property name="user.name" value="BGRY"/>
    <property name="java.class.path" value="D:\CYDEV\Applications\NetBeans-8.0.2\Projets\PortableApps\NetBeansPortable\App\netbeans\java\maven\boot\plexus-classworlds-2.4.jar"/>
    <property name="java.vm.specification.version" value="1.8"/>
    <property name="sun.arch.data.model" value="64"/>
    <property name="java.home" value="D:\CYDEV\Applications\NetBeans-8.0.2\Projets\PortableApps\NetBeansPortable\App\jdk\jre"/>
    <property name="sun.java.command" value="org.codehaus.plexus.classworlds.launcher.Launcher -Dmaven.ext.class.path=D:\CYDEV\Applications\NetBeans-8.0.2\Projets\PortableApps\NetBeansPortable\App\netbeans\java\maven-nblib\netbeans-eventspy.jar -Dfile.encoding=UTF-8 clean install"/>
    <property name="java.specification.vendor" value="Oracle Corporation"/>
    <property name="user.language" value="fr"/>
    <property name="awt.toolkit" value="sun.awt.windows.WToolkit"/>
    <property name="java.vm.info" value="mixed mode"/>
    <property name="java.version" value="1.8.0_25"/>
    <property name="java.ext.dirs" value="D:\CYDEV\Applications\NetBeans-8.0.2\Projets\PortableApps\NetBeansPortable\App\jdk\jre\lib\ext;C:\Windows\Sun\Java\lib\ext"/>
    <property name="sun.boot.class.path" value="D:\CYDEV\Applications\NetBeans-8.0.2\Projets\PortableApps\NetBeansPortable\App\jdk\jre\lib\resources.jar;D:\CYDEV\Applications\NetBeans-8.0.2\Projets\PortableApps\NetBeansPortable\App\jdk\jre\lib\rt.jar;D:\CYDEV\Applications\NetBeans-8.0.2\Projets\PortableApps\NetBeansPortable\App\jdk\jre\lib\sunrsasign.jar;D:\CYDEV\Applications\NetBeans-8.0.2\Projets\PortableApps\NetBeansPortable\App\jdk\jre\lib\jsse.jar;D:\CYDEV\Applications\NetBeans-8.0.2\Projets\PortableApps\NetBeansPortable\App\jdk\jre\lib\jce.jar;D:\CYDEV\Applications\NetBeans-8.0.2\Projets\PortableApps\NetBeansPortable\App\jdk\jre\lib\charsets.jar;D:\CYDEV\Applications\NetBeans-8.0.2\Projets\PortableApps\NetBeansPortable\App\jdk\jre\lib\jfr.jar;D:\CYDEV\Applications\NetBeans-8.0.2\Projets\PortableApps\NetBeansPortable\App\jdk\jre\classes"/>
    <property name="java.vendor" value="Oracle Corporation"/>
    <property name="maven.home" value="D:\CYDEV\Applications\NetBeans-8.0.2\Projets\PortableApps\NetBeansPortable\App\netbeans\java\maven"/>
    <property name="file.separator" value="\"/>
    <property name="java.vendor.url.bug" value="http://bugreport.sun.com/bugreport/"/>
    <property name="sun.cpu.endian" value="little"/>
    <property name="sun.io.unicode.encoding" value="UnicodeLittle"/>
    <property name="sun.desktop" value="windows"/>
    <property name="sun.cpu.isalist" value="amd64"/>
  </properties>
  <testcase classname="fr.test.netbeans.test.netbeans.ApplicationTest" name="testApplication" time="0.002"/>
</testsuite>